-------------------------------------------------------------------------------
Test set: com.kk.BootTemporalApplicationTests
-------------------------------------------------------------------------------
Tests run: 1, Failures: 0, Errors: 1, Skipped: 0, Time elapsed: 1.107 s <<< FAILURE! - in com.kk.BootTemporalApplicationTests
contextLoads  Time elapsed: 0.003 s  <<< ERROR!
java.lang.IllegalStateException: Failed to load ApplicationContext for [WebMergedContextConfiguration@61f377d1 testClass = com.kk.BootTemporalApplicationTests, locations = [], classes = [com.kk.BootTemporalApplication], contextInitializerClasses = [], activeProfiles = [], propertySourceLocations = [], propertySourceProperties = ["org.springframework.boot.test.context.SpringBootTestContextBootstrapper=true"], contextCustomizers = [org.springframework.boot.test.context.filter.ExcludeFilterContextCustomizer@3d5c822d, org.springframework.boot.test.json.DuplicateJsonObjectContextCustomizerFactory$DuplicateJsonObjectContextCustomizer@4d5b6aac, org.springframework.boot.test.mock.mockito.MockitoContextCustomizer@0, org.springframework.boot.test.web.client.TestRestTemplateContextCustomizer@156b88f5, org.springframework.boot.test.autoconfigure.actuate.observability.ObservabilityContextCustomizerFactory$DisableObservabilityContextCustomizer@9da1, org.springframework.boot.test.autoconfigure.properties.PropertyMappingContextCustomizer@0, org.springframework.boot.test.autoconfigure.web.servlet.WebDriverContextCustomizerFactory$Customizer@543588e6, org.springframework.boot.test.context.SpringBootTestAnnotation@a0961f9f], resourceBasePath = "src/main/webapp", contextLoader = org.springframework.boot.test.context.SpringBootContextLoader, parent = null]
Caused by: org.springframework.beans.factory.BeanCreationException: Error creating bean with name 'jedisConnectionFactory' defined in class path resource [com/kk/redis/RedisConfig.class]: Failed to instantiate [org.springframework.data.redis.connection.jedis.JedisConnectionFactory]: Factory method 'jedisConnectionFactory' threw exception with message: redis/clients/jedis/JedisClientConfig
Caused by: org.springframework.beans.BeanInstantiationException: Failed to instantiate [org.springframework.data.redis.connection.jedis.JedisConnectionFactory]: Factory method 'jedisConnectionFactory' threw exception with message: redis/clients/jedis/JedisClientConfig
Caused by: java.lang.NoClassDefFoundError: redis/clients/jedis/JedisClientConfig
Caused by: java.lang.ClassNotFoundException: redis.clients.jedis.JedisClientConfig

